<?xml version="1.0" encoding="UTF-8"?>
<testsuite xmlns:xsi="http://www.w3.org/2001/XMLSchema-instance" xsi:noNamespaceSchemaLocation="https://maven.apache.org/surefire/maven-surefire-plugin/xsd/surefire-test-report.xsd" name="TestSuite" time="72.7" tests="2" errors="0" skipped="0" failures="0">
  <properties>
[...]
</properties>
  <testcase name="oneCanCreateProject" classname="com.epam.ta.test.RepositoryManagementTests" time="30.263"/>
  <testcase name="oneCanLoginGithub" classname="com.epam.ta.test.UserAccessTests" time="16.446"/>
</testsuite>