<?xml version="1.0" encoding="UTF-8"?>
<testng-results ignored="0" total="2" passed="2" failed="0" skipped="0">
  <reporter-output>
  </reporter-output>
  <suite started-at="2019-12-15T16:20:34Z" name="All tests" finished-at="2019-12-15T16:21:41Z" duration-ms="67150">
    <groups>
    </groups>
    <test started-at="2019-12-15T16:20:34Z" name="All tests" finished-at="2019-12-15T16:21:41Z" duration-ms="67150">
      <class name="com.epam.ta.test.RepositoryManagementTests">
        <test-method is-config="true" signature="setUp()[pri:0, instance:com.epam.ta.test.RepositoryManagementTests@429bd883]" started-at="2019-12-15T16:20:34Z" name="setUp" finished-at="2019-12-15T16:20:48Z" duration-ms="13570" status="PASS">
          <reporter-output>
          </reporter-output>
        </test-method> <!-- setUp -->
        <test-method signature="oneCanCreateProject()[pri:0, instance:com.epam.ta.test.RepositoryManagementTests@429bd883]" started-at="2019-12-15T16:20:48Z" name="oneCanCreateProject" description="JIRA-7566" finished-at="2019-12-15T16:21:18Z" duration-ms="30265" status="PASS">
          <reporter-output>
          </reporter-output>
        </test-method> <!-- oneCanCreateProject -->
        <test-method is-config="true" signature="stopBrowser()[pri:0, instance:com.epam.ta.test.RepositoryManagementTests@429bd883]" started-at="2019-12-15T16:21:18Z" name="stopBrowser" finished-at="2019-12-15T16:21:19Z" duration-ms="983" status="PASS">
          <reporter-output>
          </reporter-output>
        </test-method> <!-- stopBrowser -->
      </class> <!-- com.epam.ta.test.RepositoryManagementTests -->
      <class name="com.epam.ta.test.UserAccessTests">
        <test-method is-config="true" signature="setUp()[pri:0, instance:com.epam.ta.test.UserAccessTests@4d49af10]" started-at="2019-12-15T16:21:19Z" name="setUp" finished-at="2019-12-15T16:21:24Z" duration-ms="4913" status="PASS">
          <reporter-output>
          </reporter-output>
        </test-method> <!-- setUp -->
        <test-method signature="oneCanLoginGithub()[pri:0, instance:com.epam.ta.test.UserAccessTests@4d49af10]" started-at="2019-12-15T16:21:24Z" name="oneCanLoginGithub" finished-at="2019-12-15T16:21:40Z" duration-ms="16444" status="PASS">
          <reporter-output>
          </reporter-output>
        </test-method> <!-- oneCanLoginGithub -->
        <test-method is-config="true" signature="stopBrowser()[pri:0, instance:com.epam.ta.test.UserAccessTests@4d49af10]" started-at="2019-12-15T16:21:40Z" name="stopBrowser" finished-at="2019-12-15T16:21:41Z" duration-ms="917" status="PASS">
          <reporter-output>
          </reporter-output>
        </test-method> <!-- stopBrowser -->
      </class> <!-- com.epam.ta.test.UserAccessTests -->
    </test> <!-- All tests -->
  </suite> <!-- All tests -->
</testng-results>
